<?xml version="1.0" encoding="UTF-8"?>
<testsuite name="Testers.LibraryTest" tests="1" skipped="0" failures="0" errors="0" timestamp="2021-11-23T23:08:12" hostname="LaureanoLinux" time="0.001">
  <properties/>
  <testcase name="testSomeLibraryMethod" classname="Testers.LibraryTest" time="0.001"/>
  <system-out><![CDATA[]]></system-out>
  <system-err><![CDATA[]]></system-err>
</testsuite>
